<?xml version="1.0" encoding="UTF-8"?>
<testng-results skipped="0" failed="0" ignored="0" total="2" passed="2">
  <reporter-output>
  </reporter-output>
  <suite name="GridSuite" duration-ms="77340" started-at="2024-02-06T15:49:16Z" finished-at="2024-02-06T15:50:33Z">
    <groups>
    </groups>
    <test name="Chrome" duration-ms="64539" started-at="2024-02-06T15:49:16Z" finished-at="2024-02-06T15:50:20Z">
      <class name="grid.GridEg">
        <test-method status="PASS" signature="grid(java.lang.String, java.lang.String)[pri:0, instance:grid.GridEg@6d4b1c02]" name="grid" duration-ms="64408" started-at="2024-02-06T15:49:16Z" finished-at="2024-02-06T15:50:20Z">
          <params>
            <param index="0">
              <value>
                <![CDATA[chrome]]>
              </value>
            </param>
            <param index="1">
              <value>
                <![CDATA[windows]]>
              </value>
            </param>
          </params>
          <reporter-output>
          </reporter-output>
        </test-method> <!-- grid -->
      </class> <!-- grid.GridEg -->
    </test> <!-- Chrome -->
    <test name="Firefox" duration-ms="77340" started-at="2024-02-06T15:49:16Z" finished-at="2024-02-06T15:50:33Z">
      <class name="grid.GridEg">
        <test-method status="PASS" signature="grid(java.lang.String, java.lang.String)[pri:0, instance:grid.GridEg@18be83e4]" name="grid" duration-ms="77213" started-at="2024-02-06T15:49:16Z" finished-at="2024-02-06T15:50:33Z">
          <params>
            <param index="0">
              <value>
                <![CDATA[firefox]]>
              </value>
            </param>
            <param index="1">
              <value>
                <![CDATA[windows]]>
              </value>
            </param>
          </params>
          <reporter-output>
          </reporter-output>
        </test-method> <!-- grid -->
      </class> <!-- grid.GridEg -->
    </test> <!-- Firefox -->
  </suite> <!-- GridSuite -->
</testng-results>
